mktextfm pplr9d
mktextfm pplr9d
mktextfm pplri9d
mktextfm pplri9d
mktextfm pplr9d
mktextfm pplr9t
mktextfm pplr9t
mktextfm pplr9t
mktextfm zplmr7m
mktextfm zplmr7m
mktextfm zplmr7m
mktextfm zplmr7y
mktextfm zplmr7y
mktextfm zplmr7y
mktextfm zplmr7v
mktextfm zplmr7v
mktextfm zplmr7v
mktextfm zplmr7t
mktextfm zplmr7t
mktextfm zplmr7t
mktextfm pplb9d
mktextfm nullfont
mktextfm pplr9t
mktextfm pplr9t
mktextfm zplmr7m
mktextfm zplmr7m
mktextfm zplmr7y
mktextfm zplmr7y
mktextfm zplmr7v
mktextfm zplmr7v
mktextfm zplmr7t
mktextfm zplmr7t
mktextfm pplb9d
mktextfm nullfont
mktextfm pplr9d
mktextfm pplri9d
mktextfm nullfont
mktextfm pplr9d
mktextfm pplr9d
mktextfm pplr9t
mktextfm pplr9t
mktextfm pplr9t
mktextfm zplmr7m
mktextfm zplmr7m
mktextfm zplmr7m
mktextfm zplmr7y
mktextfm zplmr7y
mktextfm zplmr7y
mktextfm zplmr7v
mktextfm zplmr7v
mktextfm zplmr7v
mktextfm zplmr7t
mktextfm zplmr7t
mktextfm zplmr7t
mktextfm pplr9d
mktextfm pplb9d
mktextfm nullfont
mktextfm pplri9d
mktextfm pplr9t
mktextfm pplr9t
mktextfm zplmr7m
mktextfm zplmr7m
mktextfm zplmr7y
mktextfm zplmr7y
mktextfm zplmr7v
mktextfm zplmr7v
mktextfm zplmr7t
mktextfm zplmr7t
mktextfm pplb9d
mktextfm nullfont
mktextfm pplr9d
mktextfm pplri9d
mktextfm nullfont
mktextfm pplr9d
mktextfm pplr9d
mktextfm pplr9d
mktextfm pplb9d
mktextfm nullfont
mktextfm pplri9d
mktextfm pplr9t
mktextfm pplr9t
mktextfm pplr9t
mktextfm zplmr7m
mktextfm zplmr7m
mktextfm zplmr7m
mktextfm zplmr7y
mktextfm zplmr7y
mktextfm zplmr7y
mktextfm zplmr7v
mktextfm zplmr7v
mktextfm zplmr7v
mktextfm zplmr7t
mktextfm zplmr7t
mktextfm zplmr7t
mktextfm pplb9d
mktextfm nullfont
mktextfm pplr9t
mktextfm pplr9t
mktextfm zplmr7m
mktextfm zplmr7m
mktextfm zplmr7y
mktextfm zplmr7y
mktextfm zplmr7v
mktextfm zplmr7v
mktextfm zplmr7t
mktextfm zplmr7t
mktextfm pplr9d
mktextfm pplri9d
mktextfm nullfont
mktextfm pplr9d
mktextfm pplr9d
mktextfm pplr9d
mktextfm pplb9d
mktextfm nullfont
mktextfm pplri9d
mktextfm pplr9t
mktextfm pplr9t
mktextfm pplr9t
mktextfm zplmr7m
mktextfm zplmr7m
mktextfm zplmr7m
mktextfm zplmr7y
mktextfm zplmr7y
mktextfm zplmr7y
mktextfm zplmr7v
mktextfm zplmr7v
mktextfm zplmr7v
mktextfm zplmr7t
mktextfm zplmr7t
mktextfm zplmr7t
mktextfm pplb9d
mktextfm nullfont
mktextfm pplr9t
mktextfm pplr9t
mktextfm zplmr7m
mktextfm zplmr7m
mktextfm zplmr7y
mktextfm zplmr7y
mktextfm zplmr7v
mktextfm zplmr7v
mktextfm zplmr7t
mktextfm zplmr7t
mktextfm pplr9d
mktextfm pplri9d
mktextfm nullfont
mktextfm pplr9d
mktextfm pplr9d
mktextfm pplr9d
mktextfm pplb9d
mktextfm nullfont
mktextfm pplri9d
mktextfm pplr9t
mktextfm pplr9t
mktextfm pplr9t
mktextfm zplmr7m
mktextfm zplmr7m
mktextfm zplmr7m
mktextfm zplmr7y
mktextfm zplmr7y
mktextfm zplmr7y
mktextfm zplmr7v
mktextfm zplmr7v
mktextfm zplmr7v
mktextfm zplmr7t
mktextfm zplmr7t
mktextfm zplmr7t
mktextfm pplb9d
mktextfm nullfont
mktextfm pplr9t
mktextfm pplr9t
mktextfm zplmr7m
mktextfm zplmr7m
mktextfm zplmr7y
mktextfm zplmr7y
mktextfm zplmr7v
mktextfm zplmr7v
mktextfm zplmr7t
mktextfm zplmr7t
mktextfm pplr9d
mktextfm pplri9d
mktextfm nullfont
mktextfm pplr9d
mktextfm pplr9d
mktextfm pplr9d
mktextfm pplb9d
mktextfm nullfont
mktextfm pplri9d
mktextfm pplr9t
mktextfm pplr9t
mktextfm pplr9t
mktextfm zplmr7m
mktextfm zplmr7m
mktextfm zplmr7m
mktextfm zplmr7y
mktextfm zplmr7y
mktextfm zplmr7y
mktextfm zplmr7v
mktextfm zplmr7v
mktextfm zplmr7v
mktextfm zplmr7t
mktextfm zplmr7t
mktextfm zplmr7t
mktextfm pplb9d
mktextfm nullfont
mktextfm pplr9t
mktextfm pplr9t
mktextfm zplmr7m
mktextfm zplmr7m
mktextfm zplmr7y
mktextfm zplmr7y
mktextfm zplmr7v
mktextfm zplmr7v
mktextfm zplmr7t
mktextfm zplmr7t
mktextfm pplr9d
mktextfm pplri9d
mktextfm nullfont
mktextfm pplr9d
mktextfm pplr9d
mktextfm pplr9t
mktextfm pplr9t
mktextfm pplr9t
mktextfm zplmr7m
mktextfm zplmr7m
mktextfm zplmr7m
mktextfm zplmr7y
mktextfm zplmr7y
mktextfm zplmr7y
mktextfm zplmr7v
mktextfm zplmr7v
mktextfm zplmr7v
mktextfm zplmr7t
mktextfm zplmr7t
mktextfm zplmr7t
mktextfm pplr9d
mktextfm pplb9d
mktextfm nullfont
mktextfm pplri9d
mktextfm pplr9t
mktextfm pplr9t
mktextfm zplmr7m
mktextfm zplmr7m
mktextfm zplmr7y
mktextfm zplmr7y
mktextfm zplmr7v
mktextfm zplmr7v
mktextfm zplmr7t
mktextfm zplmr7t
mktextfm pplb9d
mktextfm nullfont
mktextfm pplr9d
mktextfm pplri9d
mktextfm nullfont
mktextfm pplr9d
mktextfm pplr9d
mktextfm pplr9t
mktextfm pplr9t
mktextfm pplr9t
mktextfm zplmr7m
mktextfm zplmr7m
mktextfm zplmr7m
mktextfm zplmr7y
mktextfm zplmr7y
mktextfm zplmr7y
mktextfm zplmr7v
mktextfm zplmr7v
mktextfm zplmr7v
mktextfm zplmr7t
mktextfm zplmr7t
mktextfm zplmr7t
mktextfm pplr9d
mktextfm pplb9d
mktextfm nullfont
mktextfm pplri9d
mktextfm pplr9t
mktextfm pplr9t
mktextfm zplmr7m
mktextfm zplmr7m
mktextfm zplmr7y
mktextfm zplmr7y
mktextfm zplmr7v
mktextfm zplmr7v
mktextfm zplmr7t
mktextfm zplmr7t
mktextfm pplb9d
mktextfm nullfont
mktextfm pplr9d
mktextfm pplri9d
mktextfm nullfont
